<?xml version="1.0" encoding="UTF-8"?>
<!-- Generated by org.testng.reporters.JUnitReportReporter -->
<testsuite skipped="0" hostname="SANDHU-PC" name="tests.NewTest" tests="1" failures="0" timestamp="18 Jul 2018 00:47:36 GMT" time="4.016" errors="0">
  <testcase name="openMyBlog" time="4.016" classname="tests.NewTest"/>
</testsuite> <!-- tests.NewTest -->
