<?xml version="1.0" encoding="UTF-8"?>
<!-- Generated by org.testng.reporters.JUnitReportReporter -->
<testsuite hostname="SANDHU-PC" name="tests.NewTest" tests="1" failures="0" timestamp="18 Jul 2018 00:55:31 GMT" time="3.801" errors="0">
  <testcase name="openMyBlog" time="3.801" classname="tests.NewTest"/>
</testsuite> <!-- tests.NewTest -->
